<?xml version="1.0" encoding="UTF-8"?>
<!-- Generated by org.testng.reporters.JUnitReportReporter -->
<testsuite hostname="LTIN251772" failures="0" tests="2" name="testcases.TS_03_UsedCarModels" time="8.729" errors="0" timestamp="2024-02-28T16:09:54 IST" skipped="0">
  <testcase classname="testcases.TS_03_UsedCarModels" name="TC_08_verifyDirectedToUsedCarsChennai" time="6.130"/>
  <testcase classname="testcases.TS_03_UsedCarModels" name="TC_09_extarctUsedCarsModel" time="2.599"/>
</testsuite> <!-- testcases.TS_03_UsedCarModels -->
