<?xml version="1.0" encoding="UTF-8"?>
<!-- Generated by org.testng.reporters.JUnitReportReporter -->
<testsuite hostname="DESKTOP-EMHMAKE" failures="0" tests="2" name="testcases.TS_01_ZigwheelsHomePage" time="12.248" errors="0" timestamp="2025-03-16T16:56:29 IST" skipped="0">
  <testcase classname="testcases.TS_01_ZigwheelsHomePage" name="TC_01_verifyDirectedToCorrectSite" time="0.139"/>
  <testcase classname="testcases.TS_01_ZigwheelsHomePage" name="TC_02_verifyDirectedToUpcomingBikes" time="12.109"/>
</testsuite> <!-- testcases.TS_01_ZigwheelsHomePage -->
