<?xml version="1.0" encoding="UTF-8"?>
<!-- Generated by org.testng.reporters.JUnitReportReporter -->
<testsuite hostname="LTIN251772" failures="0" tests="5" name="testcases.TS_02_UpcomingHondaBikes" time="9.880" errors="0" timestamp="2024-02-28T16:09:54 IST" skipped="0">
  <testcase classname="testcases.TS_02_UpcomingHondaBikes" name="TC_03_verifySelectedManfufacturerHonda" time="2.510"/>
  <testcase classname="testcases.TS_02_UpcomingHondaBikes" name="TC_04_verifyBikeNameForUpcomingHondaBikes" time="2.500"/>
  <testcase classname="testcases.TS_02_UpcomingHondaBikes" name="TC_05_verifyBikePricesForUpcomingHondaBikes" time="1.152"/>
  <testcase classname="testcases.TS_02_UpcomingHondaBikes" name="TC_06_verifyBikeReleaseDatesForUpcomingHondaBikes" time="1.116"/>
  <testcase classname="testcases.TS_02_UpcomingHondaBikes" name="TC_07_extractHondaBikes4lac" time="2.602"/>
</testsuite> <!-- testcases.TS_02_UpcomingHondaBikes -->
