<?xml version="1.0" encoding="UTF-8"?>
<!-- Generated by org.testng.reporters.JUnitReportReporter -->
<testsuite hostname="DESKTOP-EMHMAKE" failures="0" tests="3" name="testcases.TS_04_UserLogin" time="7.099" errors="0" timestamp="2025-03-16T16:56:29 IST" skipped="0">
  <testcase classname="testcases.TS_04_UserLogin" name="TC_10_verifyLoginIsDisplayed" time="1.245"/>
  <testcase classname="testcases.TS_04_UserLogin" name="TC_11_verifyDirectedTogoogleSign" time="0.032"/>
  <testcase classname="testcases.TS_04_UserLogin" name="TC_12_verifyErrorMsg" time="5.822"/>
</testsuite> <!-- testcases.TS_04_UserLogin -->
