<?xml version="1.0" encoding="UTF-8"?>
<!-- Generated by org.testng.reporters.JUnitReportReporter -->
<testsuite hostname="DESKTOP-EMHMAKE" failures="0" tests="2" name="testcases.TS_03_UsedCarModels" time="18.199" errors="0" timestamp="2025-03-16T16:56:29 IST" skipped="0">
  <testcase classname="testcases.TS_03_UsedCarModels" name="TC_08_verifyDirectedToUsedCarsChennai" time="15.330"/>
  <testcase classname="testcases.TS_03_UsedCarModels" name="TC_09_extarctUsedCarsModel" time="2.869"/>
</testsuite> <!-- testcases.TS_03_UsedCarModels -->
