<?xml version="1.0" encoding="UTF-8"?>
<!-- Generated by org.testng.reporters.JUnitReportReporter -->
<testsuite hostname="DESKTOP-EMHMAKE" failures="0" tests="5" name="testcases.TS_02_UpcomingHondaBikes" time="8.333" errors="0" timestamp="2025-03-16T16:56:29 IST" skipped="0">
  <testcase classname="testcases.TS_02_UpcomingHondaBikes" name="TC_03_verifySelectedManfufacturerHonda" time="1.610"/>
  <testcase classname="testcases.TS_02_UpcomingHondaBikes" name="TC_04_verifyBikeNameForUpcomingHondaBikes" time="2.833"/>
  <testcase classname="testcases.TS_02_UpcomingHondaBikes" name="TC_05_verifyBikePricesForUpcomingHondaBikes" time="1.229"/>
  <testcase classname="testcases.TS_02_UpcomingHondaBikes" name="TC_06_verifyBikeReleaseDatesForUpcomingHondaBikes" time="0.884"/>
  <testcase classname="testcases.TS_02_UpcomingHondaBikes" name="TC_07_extractHondaBikes4lac" time="1.777"/>
</testsuite> <!-- testcases.TS_02_UpcomingHondaBikes -->
