<?xml version="1.0" encoding="UTF-8"?>
<!-- Generated by org.testng.reporters.JUnitReportReporter -->
<testsuite hostname="LTIN251772" failures="0" tests="3" name="testcases.TS_04_UserLogin" time="8.466" errors="0" timestamp="2024-02-28T16:09:55 IST" skipped="0">
  <testcase classname="testcases.TS_04_UserLogin" name="TC_10_verifyLoginIsDisplayed" time="2.054"/>
  <testcase classname="testcases.TS_04_UserLogin" name="TC_11_verifyDirectedTogoogleSign" time="0.054"/>
  <testcase classname="testcases.TS_04_UserLogin" name="TC_12_verifyErrorMsg" time="6.358"/>
</testsuite> <!-- testcases.TS_04_UserLogin -->
