<?xml version="1.0" encoding="UTF-8"?>
<!-- Generated by org.testng.reporters.JUnitReportReporter -->
<testsuite hostname="LTIN251772" failures="0" tests="2" name="testcases.TS_01_ZigwheelsHomePage" time="5.545" errors="0" timestamp="2024-02-28T16:09:54 IST" skipped="0">
  <testcase classname="testcases.TS_01_ZigwheelsHomePage" name="TC_01_verifyDirectedToCorrectSite" time="0.158"/>
  <testcase classname="testcases.TS_01_ZigwheelsHomePage" name="TC_02_verifyDirectedToUpcomingBikes" time="5.387"/>
</testsuite> <!-- testcases.TS_01_ZigwheelsHomePage -->
